[2025-04-07 20:26:07] laravel.EMERGENCY: Unable to create configured logger. Using emergency logger. {"exception":"[object] (ErrorException(code: 0): include(/Users/fernandogomez/Desktop/SMYahir/Sin título/supermercado2/SM/vendor/composer/../laravel/framework/src/Illuminate/Contracts/Log/ContextLogProcessor.php): Failed to open stream: No such file or directory at /Users/fernandogomez/Desktop/SMYahir/Sin título/supermercado2/SM/vendor/composer/ClassLoader.php:576)
[stacktrace]
#0 /Users/fernandogomez/Desktop/SMYahir/Sin título/supermercado2/SM/vendor/laravel/framework/src/Illuminate/Foundation/Bootstrap/HandleExceptions.php(256): Illuminate\\Foundation\\Bootstrap\\HandleExceptions->handleError(2, 'include(/Users/...', '/Users/fernando...', 576)
#1 /Users/fernandogomez/Desktop/SMYahir/Sin título/supermercado2/SM/vendor/composer/ClassLoader.php(576): Illuminate\\Foundation\\Bootstrap\\HandleExceptions->Illuminate\\Foundation\\Bootstrap\\{closure}(2, 'include(/Users/...', '/Users/fernando...', 576)
#2 /Users/fernandogomez/Desktop/SMYahir/Sin título/supermercado2/SM/vendor/composer/ClassLoader.php(576): include('/Users/fernando...')
#3 /Users/fernandogomez/Desktop/SMYahir/Sin título/supermercado2/SM/vendor/composer/ClassLoader.php(427): Composer\\Autoload\\{closure}('/Users/fernando...')
#4 /Users/fernandogomez/Desktop/SMYahir/Sin título/supermercado2/SM/vendor/laravel/framework/src/Illuminate/Log/Context/ContextLogProcessor.php(10): Composer\\Autoload\\ClassLoader->loadClass('Illuminate\\\\Cont...')
#5 /Users/fernandogomez/Desktop/SMYahir/Sin título/supermercado2/SM/vendor/composer/ClassLoader.php(576): include('/Users/fernando...')
#6 /Users/fernandogomez/Desktop/SMYahir/Sin título/supermercado2/SM/vendor/composer/ClassLoader.php(427): Composer\\Autoload\\{closure}('/Users/fernando...')
#7 /Users/fernandogomez/Desktop/SMYahir/Sin título/supermercado2/SM/vendor/laravel/framework/src/Illuminate/Log/Context/ContextServiceProvider.php(22): Composer\\Autoload\\ClassLoader->loadClass('Illuminate\\\\Log\\\\...')
#8 /Users/fernandogomez/Desktop/SMYahir/Sin título/supermercado2/SM/vendor/laravel/framework/src/Illuminate/Container/Container.php(1010): Illuminate\\Log\\Context\\ContextServiceProvider->Illuminate\\Log\\Context\\{closure}(Object(Illuminate\\Foundation\\Application), Array)
#9 /Users/fernandogomez/Desktop/SMYahir/Sin título/supermercado2/SM/vendor/laravel/framework/src/Illuminate/Container/Container.php(890): Illuminate\\Container\\Container->build(Object(Closure))
#10 /Users/fernandogomez/Desktop/SMYahir/Sin título/supermercado2/SM/vendor/laravel/framework/src/Illuminate/Foundation/Application.php(1077): Illuminate\\Container\\Container->resolve('Illuminate\\\\Cont...', Array, true)
#11 /Users/fernandogomez/Desktop/SMYahir/Sin título/supermercado2/SM/vendor/laravel/framework/src/Illuminate/Container/Container.php(821): Illuminate\\Foundation\\Application->resolve('Illuminate\\\\Cont...', Array)
#12 /Users/fernandogomez/Desktop/SMYahir/Sin título/supermercado2/SM/vendor/laravel/framework/src/Illuminate/Foundation/Application.php(1057): Illuminate\\Container\\Container->make('Illuminate\\\\Cont...', Array)
#13 /Users/fernandogomez/Desktop/SMYahir/Sin título/supermercado2/SM/vendor/laravel/framework/src/Illuminate/Log/LogManager.php(145): Illuminate\\Foundation\\Application->make('Illuminate\\\\Cont...')
#14 /Users/fernandogomez/Desktop/SMYahir/Sin título/supermercado2/SM/vendor/laravel/framework/src/Illuminate/Support/helpers.php(526): Illuminate\\Log\\LogManager->Illuminate\\Log\\{closure}(Object(Monolog\\Logger))
#15 /Users/fernandogomez/Desktop/SMYahir/Sin título/supermercado2/SM/vendor/laravel/framework/src/Illuminate/Log/LogManager.php(138): with(Object(Monolog\\Logger), Object(Closure))
#16 /Users/fernandogomez/Desktop/SMYahir/Sin título/supermercado2/SM/vendor/laravel/framework/src/Illuminate/Log/LogManager.php(125): Illuminate\\Log\\LogManager->get('single')
#17 /Users/fernandogomez/Desktop/SMYahir/Sin título/supermercado2/SM/vendor/laravel/framework/src/Illuminate/Log/LogManager.php(114): Illuminate\\Log\\LogManager->driver('single')
#18 /Users/fernandogomez/Desktop/SMYahir/Sin título/supermercado2/SM/vendor/laravel/framework/src/Illuminate/Log/LogManager.php(277): Illuminate\\Log\\LogManager->channel('single')
#19 [internal function]: Illuminate\\Log\\LogManager->Illuminate\\Log\\{closure}('single', 0)
#20 /Users/fernandogomez/Desktop/SMYahir/Sin título/supermercado2/SM/vendor/laravel/framework/src/Illuminate/Collections/Arr.php(609): array_map(Object(Closure), Array, Array)
#21 /Users/fernandogomez/Desktop/SMYahir/Sin título/supermercado2/SM/vendor/laravel/framework/src/Illuminate/Collections/Collection.php(800): Illuminate\\Support\\Arr::map(Array, Object(Closure))
#22 /Users/fernandogomez/Desktop/SMYahir/Sin título/supermercado2/SM/vendor/laravel/framework/src/Illuminate/Collections/Traits/EnumeratesValues.php(431): Illuminate\\Support\\Collection->map(Object(Closure))
#23 /Users/fernandogomez/Desktop/SMYahir/Sin título/supermercado2/SM/vendor/laravel/framework/src/Illuminate/Log/LogManager.php(274): Illuminate\\Support\\Collection->flatMap(Object(Closure))
#24 /Users/fernandogomez/Desktop/SMYahir/Sin título/supermercado2/SM/vendor/laravel/framework/src/Illuminate/Log/LogManager.php(232): Illuminate\\Log\\LogManager->createStackDriver(Array)
#25 /Users/fernandogomez/Desktop/SMYahir/Sin título/supermercado2/SM/vendor/laravel/framework/src/Illuminate/Log/LogManager.php(138): Illuminate\\Log\\LogManager->resolve('stack', Array)
#26 /Users/fernandogomez/Desktop/SMYahir/Sin título/supermercado2/SM/vendor/laravel/framework/src/Illuminate/Log/LogManager.php(125): Illuminate\\Log\\LogManager->get('stack')
#27 /Users/fernandogomez/Desktop/SMYahir/Sin título/supermercado2/SM/vendor/laravel/framework/src/Illuminate/Log/LogManager.php(695): Illuminate\\Log\\LogManager->driver()
#28 /Users/fernandogomez/Desktop/SMYahir/Sin título/supermercado2/SM/vendor/laravel/framework/src/Illuminate/Foundation/Exceptions/Handler.php(379): Illuminate\\Log\\LogManager->error('filemtime(): st...', Array)
#29 /Users/fernandogomez/Desktop/SMYahir/Sin título/supermercado2/SM/vendor/laravel/framework/src/Illuminate/Foundation/Exceptions/Handler.php(342): Illuminate\\Foundation\\Exceptions\\Handler->reportThrowable(Object(ErrorException))
#30 /Users/fernandogomez/Desktop/SMYahir/Sin título/supermercado2/SM/vendor/nunomaduro/collision/src/Adapters/Laravel/ExceptionHandler.php(46): Illuminate\\Foundation\\Exceptions\\Handler->report(Object(ErrorException))
#31 /Users/fernandogomez/Desktop/SMYahir/Sin título/supermercado2/SM/vendor/laravel/framework/src/Illuminate/Foundation/Console/Kernel.php(620): NunoMaduro\\Collision\\Adapters\\Laravel\\ExceptionHandler->report(Object(ErrorException))
#32 /Users/fernandogomez/Desktop/SMYahir/Sin título/supermercado2/SM/vendor/laravel/framework/src/Illuminate/Foundation/Console/Kernel.php(199): Illuminate\\Foundation\\Console\\Kernel->reportException(Object(ErrorException))
#33 /Users/fernandogomez/Desktop/SMYahir/Sin título/supermercado2/SM/vendor/laravel/framework/src/Illuminate/Foundation/Application.php(1234): Illuminate\\Foundation\\Console\\Kernel->handle(Object(Symfony\\Component\\Console\\Input\\ArgvInput), Object(Symfony\\Component\\Console\\Output\\ConsoleOutput))
#34 /Users/fernandogomez/Desktop/SMYahir/Sin título/supermercado2/SM/artisan(16): Illuminate\\Foundation\\Application->handleCommand(Object(Symfony\\Component\\Console\\Input\\ArgvInput))
#35 {main}
"} 
[2025-04-07 20:26:07] laravel.EMERGENCY: Unable to create configured logger. Using emergency logger. {"exception":"[object] (ErrorException(code: 0): include(/Users/fernandogomez/Desktop/SMYahir/Sin título/supermercado2/SM/vendor/composer/../laravel/framework/src/Illuminate/Contracts/Log/ContextLogProcessor.php): Failed to open stream: No such file or directory at /Users/fernandogomez/Desktop/SMYahir/Sin título/supermercado2/SM/vendor/composer/ClassLoader.php:576)
[stacktrace]
#0 /Users/fernandogomez/Desktop/SMYahir/Sin título/supermercado2/SM/vendor/laravel/framework/src/Illuminate/Foundation/Bootstrap/HandleExceptions.php(256): Illuminate\\Foundation\\Bootstrap\\HandleExceptions->handleError(2, 'include(/Users/...', '/Users/fernando...', 576)
#1 /Users/fernandogomez/Desktop/SMYahir/Sin título/supermercado2/SM/vendor/composer/ClassLoader.php(576): Illuminate\\Foundation\\Bootstrap\\HandleExceptions->Illuminate\\Foundation\\Bootstrap\\{closure}(2, 'include(/Users/...', '/Users/fernando...', 576)
#2 /Users/fernandogomez/Desktop/SMYahir/Sin título/supermercado2/SM/vendor/composer/ClassLoader.php(576): include('/Users/fernando...')
#3 /Users/fernandogomez/Desktop/SMYahir/Sin título/supermercado2/SM/vendor/composer/ClassLoader.php(427): Composer\\Autoload\\{closure}('/Users/fernando...')
#4 /Users/fernandogomez/Desktop/SMYahir/Sin título/supermercado2/SM/vendor/laravel/framework/src/Illuminate/Log/Context/ContextLogProcessor.php(10): Composer\\Autoload\\ClassLoader->loadClass('Illuminate\\\\Cont...')
#5 /Users/fernandogomez/Desktop/SMYahir/Sin título/supermercado2/SM/vendor/composer/ClassLoader.php(576): include('/Users/fernando...')
#6 /Users/fernandogomez/Desktop/SMYahir/Sin título/supermercado2/SM/vendor/composer/ClassLoader.php(427): Composer\\Autoload\\{closure}('/Users/fernando...')
#7 /Users/fernandogomez/Desktop/SMYahir/Sin título/supermercado2/SM/vendor/laravel/framework/src/Illuminate/Log/Context/ContextServiceProvider.php(22): Composer\\Autoload\\ClassLoader->loadClass('Illuminate\\\\Log\\\\...')
#8 /Users/fernandogomez/Desktop/SMYahir/Sin título/supermercado2/SM/vendor/laravel/framework/src/Illuminate/Container/Container.php(1010): Illuminate\\Log\\Context\\ContextServiceProvider->Illuminate\\Log\\Context\\{closure}(Object(Illuminate\\Foundation\\Application), Array)
#9 /Users/fernandogomez/Desktop/SMYahir/Sin título/supermercado2/SM/vendor/laravel/framework/src/Illuminate/Container/Container.php(890): Illuminate\\Container\\Container->build(Object(Closure))
#10 /Users/fernandogomez/Desktop/SMYahir/Sin título/supermercado2/SM/vendor/laravel/framework/src/Illuminate/Foundation/Application.php(1077): Illuminate\\Container\\Container->resolve('Illuminate\\\\Cont...', Array, true)
#11 /Users/fernandogomez/Desktop/SMYahir/Sin título/supermercado2/SM/vendor/laravel/framework/src/Illuminate/Container/Container.php(821): Illuminate\\Foundation\\Application->resolve('Illuminate\\\\Cont...', Array)
#12 /Users/fernandogomez/Desktop/SMYahir/Sin título/supermercado2/SM/vendor/laravel/framework/src/Illuminate/Foundation/Application.php(1057): Illuminate\\Container\\Container->make('Illuminate\\\\Cont...', Array)
#13 /Users/fernandogomez/Desktop/SMYahir/Sin título/supermercado2/SM/vendor/laravel/framework/src/Illuminate/Log/LogManager.php(145): Illuminate\\Foundation\\Application->make('Illuminate\\\\Cont...')
#14 /Users/fernandogomez/Desktop/SMYahir/Sin título/supermercado2/SM/vendor/laravel/framework/src/Illuminate/Support/helpers.php(526): Illuminate\\Log\\LogManager->Illuminate\\Log\\{closure}(Object(Monolog\\Logger))
#15 /Users/fernandogomez/Desktop/SMYahir/Sin título/supermercado2/SM/vendor/laravel/framework/src/Illuminate/Log/LogManager.php(138): with(Object(Monolog\\Logger), Object(Closure))
#16 /Users/fernandogomez/Desktop/SMYahir/Sin título/supermercado2/SM/vendor/laravel/framework/src/Illuminate/Log/LogManager.php(125): Illuminate\\Log\\LogManager->get('single')
#17 /Users/fernandogomez/Desktop/SMYahir/Sin título/supermercado2/SM/vendor/laravel/framework/src/Illuminate/Log/LogManager.php(114): Illuminate\\Log\\LogManager->driver('single')
#18 /Users/fernandogomez/Desktop/SMYahir/Sin título/supermercado2/SM/vendor/laravel/framework/src/Illuminate/Log/LogManager.php(283): Illuminate\\Log\\LogManager->channel('single')
#19 [internal function]: Illuminate\\Log\\LogManager->Illuminate\\Log\\{closure}('single', 0)
#20 /Users/fernandogomez/Desktop/SMYahir/Sin título/supermercado2/SM/vendor/laravel/framework/src/Illuminate/Collections/Arr.php(609): array_map(Object(Closure), Array, Array)
#21 /Users/fernandogomez/Desktop/SMYahir/Sin título/supermercado2/SM/vendor/laravel/framework/src/Illuminate/Collections/Collection.php(800): Illuminate\\Support\\Arr::map(Array, Object(Closure))
#22 /Users/fernandogomez/Desktop/SMYahir/Sin título/supermercado2/SM/vendor/laravel/framework/src/Illuminate/Collections/Traits/EnumeratesValues.php(431): Illuminate\\Support\\Collection->map(Object(Closure))
#23 /Users/fernandogomez/Desktop/SMYahir/Sin título/supermercado2/SM/vendor/laravel/framework/src/Illuminate/Log/LogManager.php(280): Illuminate\\Support\\Collection->flatMap(Object(Closure))
#24 /Users/fernandogomez/Desktop/SMYahir/Sin título/supermercado2/SM/vendor/laravel/framework/src/Illuminate/Log/LogManager.php(232): Illuminate\\Log\\LogManager->createStackDriver(Array)
#25 /Users/fernandogomez/Desktop/SMYahir/Sin título/supermercado2/SM/vendor/laravel/framework/src/Illuminate/Log/LogManager.php(138): Illuminate\\Log\\LogManager->resolve('stack', Array)
#26 /Users/fernandogomez/Desktop/SMYahir/Sin título/supermercado2/SM/vendor/laravel/framework/src/Illuminate/Log/LogManager.php(125): Illuminate\\Log\\LogManager->get('stack')
#27 /Users/fernandogomez/Desktop/SMYahir/Sin título/supermercado2/SM/vendor/laravel/framework/src/Illuminate/Log/LogManager.php(695): Illuminate\\Log\\LogManager->driver()
#28 /Users/fernandogomez/Desktop/SMYahir/Sin título/supermercado2/SM/vendor/laravel/framework/src/Illuminate/Foundation/Exceptions/Handler.php(379): Illuminate\\Log\\LogManager->error('filemtime(): st...', Array)
#29 /Users/fernandogomez/Desktop/SMYahir/Sin título/supermercado2/SM/vendor/laravel/framework/src/Illuminate/Foundation/Exceptions/Handler.php(342): Illuminate\\Foundation\\Exceptions\\Handler->reportThrowable(Object(ErrorException))
#30 /Users/fernandogomez/Desktop/SMYahir/Sin título/supermercado2/SM/vendor/nunomaduro/collision/src/Adapters/Laravel/ExceptionHandler.php(46): Illuminate\\Foundation\\Exceptions\\Handler->report(Object(ErrorException))
#31 /Users/fernandogomez/Desktop/SMYahir/Sin título/supermercado2/SM/vendor/laravel/framework/src/Illuminate/Foundation/Console/Kernel.php(620): NunoMaduro\\Collision\\Adapters\\Laravel\\ExceptionHandler->report(Object(ErrorException))
#32 /Users/fernandogomez/Desktop/SMYahir/Sin título/supermercado2/SM/vendor/laravel/framework/src/Illuminate/Foundation/Console/Kernel.php(199): Illuminate\\Foundation\\Console\\Kernel->reportException(Object(ErrorException))
#33 /Users/fernandogomez/Desktop/SMYahir/Sin título/supermercado2/SM/vendor/laravel/framework/src/Illuminate/Foundation/Application.php(1234): Illuminate\\Foundation\\Console\\Kernel->handle(Object(Symfony\\Component\\Console\\Input\\ArgvInput), Object(Symfony\\Component\\Console\\Output\\ConsoleOutput))
#34 /Users/fernandogomez/Desktop/SMYahir/Sin título/supermercado2/SM/artisan(16): Illuminate\\Foundation\\Application->handleCommand(Object(Symfony\\Component\\Console\\Input\\ArgvInput))
#35 {main}
"} 
[2025-04-07 20:26:07] laravel.EMERGENCY: Unable to create configured logger. Using emergency logger. {"exception":"[object] (ErrorException(code: 0): include(/Users/fernandogomez/Desktop/SMYahir/Sin título/supermercado2/SM/vendor/composer/../laravel/framework/src/Illuminate/Contracts/Log/ContextLogProcessor.php): Failed to open stream: No such file or directory at /Users/fernandogomez/Desktop/SMYahir/Sin título/supermercado2/SM/vendor/composer/ClassLoader.php:576)
[stacktrace]
#0 /Users/fernandogomez/Desktop/SMYahir/Sin título/supermercado2/SM/vendor/laravel/framework/src/Illuminate/Foundation/Bootstrap/HandleExceptions.php(256): Illuminate\\Foundation\\Bootstrap\\HandleExceptions->handleError(2, 'include(/Users/...', '/Users/fernando...', 576)
#1 /Users/fernandogomez/Desktop/SMYahir/Sin título/supermercado2/SM/vendor/composer/ClassLoader.php(576): Illuminate\\Foundation\\Bootstrap\\HandleExceptions->Illuminate\\Foundation\\Bootstrap\\{closure}(2, 'include(/Users/...', '/Users/fernando...', 576)
#2 /Users/fernandogomez/Desktop/SMYahir/Sin título/supermercado2/SM/vendor/composer/ClassLoader.php(576): include('/Users/fernando...')
#3 /Users/fernandogomez/Desktop/SMYahir/Sin título/supermercado2/SM/vendor/composer/ClassLoader.php(427): Composer\\Autoload\\{closure}('/Users/fernando...')
#4 /Users/fernandogomez/Desktop/SMYahir/Sin título/supermercado2/SM/vendor/laravel/framework/src/Illuminate/Log/Context/ContextLogProcessor.php(10): Composer\\Autoload\\ClassLoader->loadClass('Illuminate\\\\Cont...')
#5 /Users/fernandogomez/Desktop/SMYahir/Sin título/supermercado2/SM/vendor/composer/ClassLoader.php(576): include('/Users/fernando...')
#6 /Users/fernandogomez/Desktop/SMYahir/Sin título/supermercado2/SM/vendor/composer/ClassLoader.php(427): Composer\\Autoload\\{closure}('/Users/fernando...')
#7 /Users/fernandogomez/Desktop/SMYahir/Sin título/supermercado2/SM/vendor/laravel/framework/src/Illuminate/Log/Context/ContextServiceProvider.php(22): Composer\\Autoload\\ClassLoader->loadClass('Illuminate\\\\Log\\\\...')
#8 /Users/fernandogomez/Desktop/SMYahir/Sin título/supermercado2/SM/vendor/laravel/framework/src/Illuminate/Container/Container.php(1010): Illuminate\\Log\\Context\\ContextServiceProvider->Illuminate\\Log\\Context\\{closure}(Object(Illuminate\\Foundation\\Application), Array)
#9 /Users/fernandogomez/Desktop/SMYahir/Sin título/supermercado2/SM/vendor/laravel/framework/src/Illuminate/Container/Container.php(890): Illuminate\\Container\\Container->build(Object(Closure))
#10 /Users/fernandogomez/Desktop/SMYahir/Sin título/supermercado2/SM/vendor/laravel/framework/src/Illuminate/Foundation/Application.php(1077): Illuminate\\Container\\Container->resolve('Illuminate\\\\Cont...', Array, true)
#11 /Users/fernandogomez/Desktop/SMYahir/Sin título/supermercado2/SM/vendor/laravel/framework/src/Illuminate/Container/Container.php(821): Illuminate\\Foundation\\Application->resolve('Illuminate\\\\Cont...', Array)
#12 /Users/fernandogomez/Desktop/SMYahir/Sin título/supermercado2/SM/vendor/laravel/framework/src/Illuminate/Foundation/Application.php(1057): Illuminate\\Container\\Container->make('Illuminate\\\\Cont...', Array)
#13 /Users/fernandogomez/Desktop/SMYahir/Sin título/supermercado2/SM/vendor/laravel/framework/src/Illuminate/Log/LogManager.php(145): Illuminate\\Foundation\\Application->make('Illuminate\\\\Cont...')
#14 /Users/fernandogomez/Desktop/SMYahir/Sin título/supermercado2/SM/vendor/laravel/framework/src/Illuminate/Support/helpers.php(526): Illuminate\\Log\\LogManager->Illuminate\\Log\\{closure}(Object(Monolog\\Logger))
#15 /Users/fernandogomez/Desktop/SMYahir/Sin título/supermercado2/SM/vendor/laravel/framework/src/Illuminate/Log/LogManager.php(138): with(Object(Monolog\\Logger), Object(Closure))
#16 /Users/fernandogomez/Desktop/SMYahir/Sin título/supermercado2/SM/vendor/laravel/framework/src/Illuminate/Log/LogManager.php(125): Illuminate\\Log\\LogManager->get('stack')
#17 /Users/fernandogomez/Desktop/SMYahir/Sin título/supermercado2/SM/vendor/laravel/framework/src/Illuminate/Log/LogManager.php(695): Illuminate\\Log\\LogManager->driver()
#18 /Users/fernandogomez/Desktop/SMYahir/Sin título/supermercado2/SM/vendor/laravel/framework/src/Illuminate/Foundation/Exceptions/Handler.php(379): Illuminate\\Log\\LogManager->error('filemtime(): st...', Array)
#19 /Users/fernandogomez/Desktop/SMYahir/Sin título/supermercado2/SM/vendor/laravel/framework/src/Illuminate/Foundation/Exceptions/Handler.php(342): Illuminate\\Foundation\\Exceptions\\Handler->reportThrowable(Object(ErrorException))
#20 /Users/fernandogomez/Desktop/SMYahir/Sin título/supermercado2/SM/vendor/nunomaduro/collision/src/Adapters/Laravel/ExceptionHandler.php(46): Illuminate\\Foundation\\Exceptions\\Handler->report(Object(ErrorException))
#21 /Users/fernandogomez/Desktop/SMYahir/Sin título/supermercado2/SM/vendor/laravel/framework/src/Illuminate/Foundation/Console/Kernel.php(620): NunoMaduro\\Collision\\Adapters\\Laravel\\ExceptionHandler->report(Object(ErrorException))
#22 /Users/fernandogomez/Desktop/SMYahir/Sin título/supermercado2/SM/vendor/laravel/framework/src/Illuminate/Foundation/Console/Kernel.php(199): Illuminate\\Foundation\\Console\\Kernel->reportException(Object(ErrorException))
#23 /Users/fernandogomez/Desktop/SMYahir/Sin título/supermercado2/SM/vendor/laravel/framework/src/Illuminate/Foundation/Application.php(1234): Illuminate\\Foundation\\Console\\Kernel->handle(Object(Symfony\\Component\\Console\\Input\\ArgvInput), Object(Symfony\\Component\\Console\\Output\\ConsoleOutput))
#24 /Users/fernandogomez/Desktop/SMYahir/Sin título/supermercado2/SM/artisan(16): Illuminate\\Foundation\\Application->handleCommand(Object(Symfony\\Component\\Console\\Input\\ArgvInput))
#25 {main}
"} 
[2025-04-07 20:26:07] laravel.ERROR: filemtime(): stat failed for /Users/fernandogomez/Desktop/SMYahir/Sin título/supermercado2/SM/.env {"exception":"[object] (ErrorException(code: 0): filemtime(): stat failed for /Users/fernandogomez/Desktop/SMYahir/Sin título/supermercado2/SM/.env at /Users/fernandogomez/Desktop/SMYahir/Sin título/supermercado2/SM/vendor/laravel/framework/src/Illuminate/Foundation/Console/ServeCommand.php:138)
[stacktrace]
#0 /Users/fernandogomez/Desktop/SMYahir/Sin título/supermercado2/SM/vendor/laravel/framework/src/Illuminate/Foundation/Bootstrap/HandleExceptions.php(256): Illuminate\\Foundation\\Bootstrap\\HandleExceptions->handleError(2, 'filemtime(): st...', '/Users/fernando...', 138)
#1 [internal function]: Illuminate\\Foundation\\Bootstrap\\HandleExceptions->Illuminate\\Foundation\\Bootstrap\\{closure}(2, 'filemtime(): st...', '/Users/fernando...', 138)
#2 /Users/fernandogomez/Desktop/SMYahir/Sin título/supermercado2/SM/vendor/laravel/framework/src/Illuminate/Foundation/Console/ServeCommand.php(138): filemtime('/Users/fernando...')
#3 /Users/fernandogomez/Desktop/SMYahir/Sin título/supermercado2/SM/vendor/laravel/framework/src/Illuminate/Container/BoundMethod.php(36): Illuminate\\Foundation\\Console\\ServeCommand->handle()
#4 /Users/fernandogomez/Desktop/SMYahir/Sin título/supermercado2/SM/vendor/laravel/framework/src/Illuminate/Container/Util.php(43): Illuminate\\Container\\BoundMethod::Illuminate\\Container\\{closure}()
#5 /Users/fernandogomez/Desktop/SMYahir/Sin título/supermercado2/SM/vendor/laravel/framework/src/Illuminate/Container/BoundMethod.php(96): Illuminate\\Container\\Util::unwrapIfClosure(Object(Closure))
#6 /Users/fernandogomez/Desktop/SMYahir/Sin título/supermercado2/SM/vendor/laravel/framework/src/Illuminate/Container/BoundMethod.php(35): Illuminate\\Container\\BoundMethod::callBoundMethod(Object(Illuminate\\Foundation\\Application), Array, Object(Closure))
#7 /Users/fernandogomez/Desktop/SMYahir/Sin título/supermercado2/SM/vendor/laravel/framework/src/Illuminate/Container/Container.php(754): Illuminate\\Container\\BoundMethod::call(Object(Illuminate\\Foundation\\Application), Array, Array, NULL)
#8 /Users/fernandogomez/Desktop/SMYahir/Sin título/supermercado2/SM/vendor/laravel/framework/src/Illuminate/Console/Command.php(211): Illuminate\\Container\\Container->call(Array)
#9 /Users/fernandogomez/Desktop/SMYahir/Sin título/supermercado2/SM/vendor/symfony/console/Command/Command.php(279): Illuminate\\Console\\Command->execute(Object(Symfony\\Component\\Console\\Input\\ArgvInput), Object(Illuminate\\Console\\OutputStyle))
#10 /Users/fernandogomez/Desktop/SMYahir/Sin título/supermercado2/SM/vendor/laravel/framework/src/Illuminate/Console/Command.php(180): Symfony\\Component\\Console\\Command\\Command->run(Object(Symfony\\Component\\Console\\Input\\ArgvInput), Object(Illuminate\\Console\\OutputStyle))
#11 /Users/fernandogomez/Desktop/SMYahir/Sin título/supermercado2/SM/vendor/symfony/console/Application.php(1094): Illuminate\\Console\\Command->run(Object(Symfony\\Component\\Console\\Input\\ArgvInput), Object(Symfony\\Component\\Console\\Output\\ConsoleOutput))
#12 /Users/fernandogomez/Desktop/SMYahir/Sin título/supermercado2/SM/vendor/symfony/console/Application.php(342): Symfony\\Component\\Console\\Application->doRunCommand(Object(Illuminate\\Foundation\\Console\\ServeCommand), Object(Symfony\\Component\\Console\\Input\\ArgvInput), Object(Symfony\\Component\\Console\\Output\\ConsoleOutput))
#13 /Users/fernandogomez/Desktop/SMYahir/Sin título/supermercado2/SM/vendor/symfony/console/Application.php(193): Symfony\\Component\\Console\\Application->doRun(Object(Symfony\\Component\\Console\\Input\\ArgvInput), Object(Symfony\\Component\\Console\\Output\\ConsoleOutput))
#14 /Users/fernandogomez/Desktop/SMYahir/Sin título/supermercado2/SM/vendor/laravel/framework/src/Illuminate/Foundation/Console/Kernel.php(197): Symfony\\Component\\Console\\Application->run(Object(Symfony\\Component\\Console\\Input\\ArgvInput), Object(Symfony\\Component\\Console\\Output\\ConsoleOutput))
#15 /Users/fernandogomez/Desktop/SMYahir/Sin título/supermercado2/SM/vendor/laravel/framework/src/Illuminate/Foundation/Application.php(1234): Illuminate\\Foundation\\Console\\Kernel->handle(Object(Symfony\\Component\\Console\\Input\\ArgvInput), Object(Symfony\\Component\\Console\\Output\\ConsoleOutput))
#16 /Users/fernandogomez/Desktop/SMYahir/Sin título/supermercado2/SM/artisan(16): Illuminate\\Foundation\\Application->handleCommand(Object(Symfony\\Component\\Console\\Input\\ArgvInput))
#17 {main}
"} 
[2025-04-07 20:26:07] laravel.EMERGENCY: Unable to create configured logger. Using emergency logger. {"exception":"[object] (ErrorException(code: 0): include(/Users/fernandogomez/Desktop/SMYahir/Sin título/supermercado2/SM/vendor/composer/../laravel/framework/src/Illuminate/Contracts/Log/ContextLogProcessor.php): Failed to open stream: No such file or directory at /Users/fernandogomez/Desktop/SMYahir/Sin título/supermercado2/SM/vendor/composer/ClassLoader.php:576)
[stacktrace]
#0 /Users/fernandogomez/Desktop/SMYahir/Sin título/supermercado2/SM/vendor/laravel/framework/src/Illuminate/Foundation/Bootstrap/HandleExceptions.php(256): Illuminate\\Foundation\\Bootstrap\\HandleExceptions->handleError(2, 'include(/Users/...', '/Users/fernando...', 576)
#1 /Users/fernandogomez/Desktop/SMYahir/Sin título/supermercado2/SM/vendor/composer/ClassLoader.php(576): Illuminate\\Foundation\\Bootstrap\\HandleExceptions->Illuminate\\Foundation\\Bootstrap\\{closure}(2, 'include(/Users/...', '/Users/fernando...', 576)
#2 /Users/fernandogomez/Desktop/SMYahir/Sin título/supermercado2/SM/vendor/composer/ClassLoader.php(576): include('/Users/fernando...')
#3 /Users/fernandogomez/Desktop/SMYahir/Sin título/supermercado2/SM/vendor/composer/ClassLoader.php(427): Composer\\Autoload\\{closure}('/Users/fernando...')
#4 /Users/fernandogomez/Desktop/SMYahir/Sin título/supermercado2/SM/vendor/laravel/framework/src/Illuminate/Log/Context/ContextLogProcessor.php(10): Composer\\Autoload\\ClassLoader->loadClass('Illuminate\\\\Cont...')
#5 /Users/fernandogomez/Desktop/SMYahir/Sin título/supermercado2/SM/vendor/composer/ClassLoader.php(576): include('/Users/fernando...')
#6 /Users/fernandogomez/Desktop/SMYahir/Sin título/supermercado2/SM/vendor/composer/ClassLoader.php(427): Composer\\Autoload\\{closure}('/Users/fernando...')
#7 /Users/fernandogomez/Desktop/SMYahir/Sin título/supermercado2/SM/vendor/laravel/framework/src/Illuminate/Log/Context/ContextServiceProvider.php(22): Composer\\Autoload\\ClassLoader->loadClass('Illuminate\\\\Log\\\\...')
#8 /Users/fernandogomez/Desktop/SMYahir/Sin título/supermercado2/SM/vendor/laravel/framework/src/Illuminate/Container/Container.php(1010): Illuminate\\Log\\Context\\ContextServiceProvider->Illuminate\\Log\\Context\\{closure}(Object(Illuminate\\Foundation\\Application), Array)
#9 /Users/fernandogomez/Desktop/SMYahir/Sin título/supermercado2/SM/vendor/laravel/framework/src/Illuminate/Container/Container.php(890): Illuminate\\Container\\Container->build(Object(Closure))
#10 /Users/fernandogomez/Desktop/SMYahir/Sin título/supermercado2/SM/vendor/laravel/framework/src/Illuminate/Foundation/Application.php(1077): Illuminate\\Container\\Container->resolve('Illuminate\\\\Cont...', Array, true)
#11 /Users/fernandogomez/Desktop/SMYahir/Sin título/supermercado2/SM/vendor/laravel/framework/src/Illuminate/Container/Container.php(821): Illuminate\\Foundation\\Application->resolve('Illuminate\\\\Cont...', Array)
#12 /Users/fernandogomez/Desktop/SMYahir/Sin título/supermercado2/SM/vendor/laravel/framework/src/Illuminate/Foundation/Application.php(1057): Illuminate\\Container\\Container->make('Illuminate\\\\Cont...', Array)
#13 /Users/fernandogomez/Desktop/SMYahir/Sin título/supermercado2/SM/vendor/laravel/framework/src/Illuminate/Log/LogManager.php(145): Illuminate\\Foundation\\Application->make('Illuminate\\\\Cont...')
#14 /Users/fernandogomez/Desktop/SMYahir/Sin título/supermercado2/SM/vendor/laravel/framework/src/Illuminate/Support/helpers.php(526): Illuminate\\Log\\LogManager->Illuminate\\Log\\{closure}(Object(Monolog\\Logger))
#15 /Users/fernandogomez/Desktop/SMYahir/Sin título/supermercado2/SM/vendor/laravel/framework/src/Illuminate/Log/LogManager.php(138): with(Object(Monolog\\Logger), Object(Closure))
#16 /Users/fernandogomez/Desktop/SMYahir/Sin título/supermercado2/SM/vendor/laravel/framework/src/Illuminate/Log/LogManager.php(125): Illuminate\\Log\\LogManager->get('single')
#17 /Users/fernandogomez/Desktop/SMYahir/Sin título/supermercado2/SM/vendor/laravel/framework/src/Illuminate/Log/LogManager.php(114): Illuminate\\Log\\LogManager->driver('single')
#18 /Users/fernandogomez/Desktop/SMYahir/Sin título/supermercado2/SM/vendor/laravel/framework/src/Illuminate/Log/LogManager.php(277): Illuminate\\Log\\LogManager->channel('single')
#19 [internal function]: Illuminate\\Log\\LogManager->Illuminate\\Log\\{closure}('single', 0)
#20 /Users/fernandogomez/Desktop/SMYahir/Sin título/supermercado2/SM/vendor/laravel/framework/src/Illuminate/Collections/Arr.php(609): array_map(Object(Closure), Array, Array)
#21 /Users/fernandogomez/Desktop/SMYahir/Sin título/supermercado2/SM/vendor/laravel/framework/src/Illuminate/Collections/Collection.php(800): Illuminate\\Support\\Arr::map(Array, Object(Closure))
#22 /Users/fernandogomez/Desktop/SMYahir/Sin título/supermercado2/SM/vendor/laravel/framework/src/Illuminate/Collections/Traits/EnumeratesValues.php(431): Illuminate\\Support\\Collection->map(Object(Closure))
#23 /Users/fernandogomez/Desktop/SMYahir/Sin título/supermercado2/SM/vendor/laravel/framework/src/Illuminate/Log/LogManager.php(274): Illuminate\\Support\\Collection->flatMap(Object(Closure))
#24 /Users/fernandogomez/Desktop/SMYahir/Sin título/supermercado2/SM/vendor/laravel/framework/src/Illuminate/Log/LogManager.php(232): Illuminate\\Log\\LogManager->createStackDriver(Array)
#25 /Users/fernandogomez/Desktop/SMYahir/Sin título/supermercado2/SM/vendor/laravel/framework/src/Illuminate/Log/LogManager.php(138): Illuminate\\Log\\LogManager->resolve('stack', Array)
#26 /Users/fernandogomez/Desktop/SMYahir/Sin título/supermercado2/SM/vendor/laravel/framework/src/Illuminate/Log/LogManager.php(125): Illuminate\\Log\\LogManager->get('stack')
#27 /Users/fernandogomez/Desktop/SMYahir/Sin título/supermercado2/SM/vendor/laravel/framework/src/Illuminate/Log/LogManager.php(695): Illuminate\\Log\\LogManager->driver()
#28 /Users/fernandogomez/Desktop/SMYahir/Sin título/supermercado2/SM/vendor/laravel/framework/src/Illuminate/Foundation/Exceptions/Handler.php(379): Illuminate\\Log\\LogManager->error('include(/Users/...', Array)
#29 /Users/fernandogomez/Desktop/SMYahir/Sin título/supermercado2/SM/vendor/laravel/framework/src/Illuminate/Foundation/Exceptions/Handler.php(342): Illuminate\\Foundation\\Exceptions\\Handler->reportThrowable(Object(ErrorException))
#30 /Users/fernandogomez/Desktop/SMYahir/Sin título/supermercado2/SM/vendor/nunomaduro/collision/src/Adapters/Laravel/ExceptionHandler.php(46): Illuminate\\Foundation\\Exceptions\\Handler->report(Object(ErrorException))
#31 /Users/fernandogomez/Desktop/SMYahir/Sin título/supermercado2/SM/vendor/laravel/framework/src/Illuminate/Foundation/Bootstrap/HandleExceptions.php(184): NunoMaduro\\Collision\\Adapters\\Laravel\\ExceptionHandler->report(Object(ErrorException))
#32 /Users/fernandogomez/Desktop/SMYahir/Sin título/supermercado2/SM/vendor/laravel/framework/src/Illuminate/Foundation/Bootstrap/HandleExceptions.php(256): Illuminate\\Foundation\\Bootstrap\\HandleExceptions->handleException(Object(ErrorException))
#33 [internal function]: Illuminate\\Foundation\\Bootstrap\\HandleExceptions->Illuminate\\Foundation\\Bootstrap\\{closure}(Object(ErrorException))
#34 {main}
"} 
[2025-04-07 20:26:07] laravel.EMERGENCY: Unable to create configured logger. Using emergency logger. {"exception":"[object] (ErrorException(code: 0): include(/Users/fernandogomez/Desktop/SMYahir/Sin título/supermercado2/SM/vendor/composer/../laravel/framework/src/Illuminate/Contracts/Log/ContextLogProcessor.php): Failed to open stream: No such file or directory at /Users/fernandogomez/Desktop/SMYahir/Sin título/supermercado2/SM/vendor/composer/ClassLoader.php:576)
[stacktrace]
#0 /Users/fernandogomez/Desktop/SMYahir/Sin título/supermercado2/SM/vendor/laravel/framework/src/Illuminate/Foundation/Bootstrap/HandleExceptions.php(256): Illuminate\\Foundation\\Bootstrap\\HandleExceptions->handleError(2, 'include(/Users/...', '/Users/fernando...', 576)
#1 /Users/fernandogomez/Desktop/SMYahir/Sin título/supermercado2/SM/vendor/composer/ClassLoader.php(576): Illuminate\\Foundation\\Bootstrap\\HandleExceptions->Illuminate\\Foundation\\Bootstrap\\{closure}(2, 'include(/Users/...', '/Users/fernando...', 576)
#2 /Users/fernandogomez/Desktop/SMYahir/Sin título/supermercado2/SM/vendor/composer/ClassLoader.php(576): include('/Users/fernando...')
#3 /Users/fernandogomez/Desktop/SMYahir/Sin título/supermercado2/SM/vendor/composer/ClassLoader.php(427): Composer\\Autoload\\{closure}('/Users/fernando...')
#4 /Users/fernandogomez/Desktop/SMYahir/Sin título/supermercado2/SM/vendor/laravel/framework/src/Illuminate/Log/Context/ContextLogProcessor.php(10): Composer\\Autoload\\ClassLoader->loadClass('Illuminate\\\\Cont...')
#5 /Users/fernandogomez/Desktop/SMYahir/Sin título/supermercado2/SM/vendor/composer/ClassLoader.php(576): include('/Users/fernando...')
#6 /Users/fernandogomez/Desktop/SMYahir/Sin título/supermercado2/SM/vendor/composer/ClassLoader.php(427): Composer\\Autoload\\{closure}('/Users/fernando...')
#7 /Users/fernandogomez/Desktop/SMYahir/Sin título/supermercado2/SM/vendor/laravel/framework/src/Illuminate/Log/Context/ContextServiceProvider.php(22): Composer\\Autoload\\ClassLoader->loadClass('Illuminate\\\\Log\\\\...')
#8 /Users/fernandogomez/Desktop/SMYahir/Sin título/supermercado2/SM/vendor/laravel/framework/src/Illuminate/Container/Container.php(1010): Illuminate\\Log\\Context\\ContextServiceProvider->Illuminate\\Log\\Context\\{closure}(Object(Illuminate\\Foundation\\Application), Array)
#9 /Users/fernandogomez/Desktop/SMYahir/Sin título/supermercado2/SM/vendor/laravel/framework/src/Illuminate/Container/Container.php(890): Illuminate\\Container\\Container->build(Object(Closure))
#10 /Users/fernandogomez/Desktop/SMYahir/Sin título/supermercado2/SM/vendor/laravel/framework/src/Illuminate/Foundation/Application.php(1077): Illuminate\\Container\\Container->resolve('Illuminate\\\\Cont...', Array, true)
#11 /Users/fernandogomez/Desktop/SMYahir/Sin título/supermercado2/SM/vendor/laravel/framework/src/Illuminate/Container/Container.php(821): Illuminate\\Foundation\\Application->resolve('Illuminate\\\\Cont...', Array)
#12 /Users/fernandogomez/Desktop/SMYahir/Sin título/supermercado2/SM/vendor/laravel/framework/src/Illuminate/Foundation/Application.php(1057): Illuminate\\Container\\Container->make('Illuminate\\\\Cont...', Array)
#13 /Users/fernandogomez/Desktop/SMYahir/Sin título/supermercado2/SM/vendor/laravel/framework/src/Illuminate/Log/LogManager.php(145): Illuminate\\Foundation\\Application->make('Illuminate\\\\Cont...')
#14 /Users/fernandogomez/Desktop/SMYahir/Sin título/supermercado2/SM/vendor/laravel/framework/src/Illuminate/Support/helpers.php(526): Illuminate\\Log\\LogManager->Illuminate\\Log\\{closure}(Object(Monolog\\Logger))
#15 /Users/fernandogomez/Desktop/SMYahir/Sin título/supermercado2/SM/vendor/laravel/framework/src/Illuminate/Log/LogManager.php(138): with(Object(Monolog\\Logger), Object(Closure))
#16 /Users/fernandogomez/Desktop/SMYahir/Sin título/supermercado2/SM/vendor/laravel/framework/src/Illuminate/Log/LogManager.php(125): Illuminate\\Log\\LogManager->get('single')
#17 /Users/fernandogomez/Desktop/SMYahir/Sin título/supermercado2/SM/vendor/laravel/framework/src/Illuminate/Log/LogManager.php(114): Illuminate\\Log\\LogManager->driver('single')
#18 /Users/fernandogomez/Desktop/SMYahir/Sin título/supermercado2/SM/vendor/laravel/framework/src/Illuminate/Log/LogManager.php(283): Illuminate\\Log\\LogManager->channel('single')
#19 [internal function]: Illuminate\\Log\\LogManager->Illuminate\\Log\\{closure}('single', 0)
#20 /Users/fernandogomez/Desktop/SMYahir/Sin título/supermercado2/SM/vendor/laravel/framework/src/Illuminate/Collections/Arr.php(609): array_map(Object(Closure), Array, Array)
#21 /Users/fernandogomez/Desktop/SMYahir/Sin título/supermercado2/SM/vendor/laravel/framework/src/Illuminate/Collections/Collection.php(800): Illuminate\\Support\\Arr::map(Array, Object(Closure))
#22 /Users/fernandogomez/Desktop/SMYahir/Sin título/supermercado2/SM/vendor/laravel/framework/src/Illuminate/Collections/Traits/EnumeratesValues.php(431): Illuminate\\Support\\Collection->map(Object(Closure))
#23 /Users/fernandogomez/Desktop/SMYahir/Sin título/supermercado2/SM/vendor/laravel/framework/src/Illuminate/Log/LogManager.php(280): Illuminate\\Support\\Collection->flatMap(Object(Closure))
#24 /Users/fernandogomez/Desktop/SMYahir/Sin título/supermercado2/SM/vendor/laravel/framework/src/Illuminate/Log/LogManager.php(232): Illuminate\\Log\\LogManager->createStackDriver(Array)
#25 /Users/fernandogomez/Desktop/SMYahir/Sin título/supermercado2/SM/vendor/laravel/framework/src/Illuminate/Log/LogManager.php(138): Illuminate\\Log\\LogManager->resolve('stack', Array)
#26 /Users/fernandogomez/Desktop/SMYahir/Sin título/supermercado2/SM/vendor/laravel/framework/src/Illuminate/Log/LogManager.php(125): Illuminate\\Log\\LogManager->get('stack')
#27 /Users/fernandogomez/Desktop/SMYahir/Sin título/supermercado2/SM/vendor/laravel/framework/src/Illuminate/Log/LogManager.php(695): Illuminate\\Log\\LogManager->driver()
#28 /Users/fernandogomez/Desktop/SMYahir/Sin título/supermercado2/SM/vendor/laravel/framework/src/Illuminate/Foundation/Exceptions/Handler.php(379): Illuminate\\Log\\LogManager->error('include(/Users/...', Array)
#29 /Users/fernandogomez/Desktop/SMYahir/Sin título/supermercado2/SM/vendor/laravel/framework/src/Illuminate/Foundation/Exceptions/Handler.php(342): Illuminate\\Foundation\\Exceptions\\Handler->reportThrowable(Object(ErrorException))
#30 /Users/fernandogomez/Desktop/SMYahir/Sin título/supermercado2/SM/vendor/nunomaduro/collision/src/Adapters/Laravel/ExceptionHandler.php(46): Illuminate\\Foundation\\Exceptions\\Handler->report(Object(ErrorException))
#31 /Users/fernandogomez/Desktop/SMYahir/Sin título/supermercado2/SM/vendor/laravel/framework/src/Illuminate/Foundation/Bootstrap/HandleExceptions.php(184): NunoMaduro\\Collision\\Adapters\\Laravel\\ExceptionHandler->report(Object(ErrorException))
#32 /Users/fernandogomez/Desktop/SMYahir/Sin título/supermercado2/SM/vendor/laravel/framework/src/Illuminate/Foundation/Bootstrap/HandleExceptions.php(256): Illuminate\\Foundation\\Bootstrap\\HandleExceptions->handleException(Object(ErrorException))
#33 [internal function]: Illuminate\\Foundation\\Bootstrap\\HandleExceptions->Illuminate\\Foundation\\Bootstrap\\{closure}(Object(ErrorException))
#34 {main}
"} 
[2025-04-07 20:26:07] laravel.EMERGENCY: Unable to create configured logger. Using emergency logger. {"exception":"[object] (ErrorException(code: 0): include(/Users/fernandogomez/Desktop/SMYahir/Sin título/supermercado2/SM/vendor/composer/../laravel/framework/src/Illuminate/Contracts/Log/ContextLogProcessor.php): Failed to open stream: No such file or directory at /Users/fernandogomez/Desktop/SMYahir/Sin título/supermercado2/SM/vendor/composer/ClassLoader.php:576)
[stacktrace]
#0 /Users/fernandogomez/Desktop/SMYahir/Sin título/supermercado2/SM/vendor/laravel/framework/src/Illuminate/Foundation/Bootstrap/HandleExceptions.php(256): Illuminate\\Foundation\\Bootstrap\\HandleExceptions->handleError(2, 'include(/Users/...', '/Users/fernando...', 576)
#1 /Users/fernandogomez/Desktop/SMYahir/Sin título/supermercado2/SM/vendor/composer/ClassLoader.php(576): Illuminate\\Foundation\\Bootstrap\\HandleExceptions->Illuminate\\Foundation\\Bootstrap\\{closure}(2, 'include(/Users/...', '/Users/fernando...', 576)
#2 /Users/fernandogomez/Desktop/SMYahir/Sin título/supermercado2/SM/vendor/composer/ClassLoader.php(576): include('/Users/fernando...')
#3 /Users/fernandogomez/Desktop/SMYahir/Sin título/supermercado2/SM/vendor/composer/ClassLoader.php(427): Composer\\Autoload\\{closure}('/Users/fernando...')
#4 /Users/fernandogomez/Desktop/SMYahir/Sin título/supermercado2/SM/vendor/laravel/framework/src/Illuminate/Log/Context/ContextLogProcessor.php(10): Composer\\Autoload\\ClassLoader->loadClass('Illuminate\\\\Cont...')
#5 /Users/fernandogomez/Desktop/SMYahir/Sin título/supermercado2/SM/vendor/composer/ClassLoader.php(576): include('/Users/fernando...')
#6 /Users/fernandogomez/Desktop/SMYahir/Sin título/supermercado2/SM/vendor/composer/ClassLoader.php(427): Composer\\Autoload\\{closure}('/Users/fernando...')
#7 /Users/fernandogomez/Desktop/SMYahir/Sin título/supermercado2/SM/vendor/laravel/framework/src/Illuminate/Log/Context/ContextServiceProvider.php(22): Composer\\Autoload\\ClassLoader->loadClass('Illuminate\\\\Log\\\\...')
#8 /Users/fernandogomez/Desktop/SMYahir/Sin título/supermercado2/SM/vendor/laravel/framework/src/Illuminate/Container/Container.php(1010): Illuminate\\Log\\Context\\ContextServiceProvider->Illuminate\\Log\\Context\\{closure}(Object(Illuminate\\Foundation\\Application), Array)
#9 /Users/fernandogomez/Desktop/SMYahir/Sin título/supermercado2/SM/vendor/laravel/framework/src/Illuminate/Container/Container.php(890): Illuminate\\Container\\Container->build(Object(Closure))
#10 /Users/fernandogomez/Desktop/SMYahir/Sin título/supermercado2/SM/vendor/laravel/framework/src/Illuminate/Foundation/Application.php(1077): Illuminate\\Container\\Container->resolve('Illuminate\\\\Cont...', Array, true)
#11 /Users/fernandogomez/Desktop/SMYahir/Sin título/supermercado2/SM/vendor/laravel/framework/src/Illuminate/Container/Container.php(821): Illuminate\\Foundation\\Application->resolve('Illuminate\\\\Cont...', Array)
#12 /Users/fernandogomez/Desktop/SMYahir/Sin título/supermercado2/SM/vendor/laravel/framework/src/Illuminate/Foundation/Application.php(1057): Illuminate\\Container\\Container->make('Illuminate\\\\Cont...', Array)
#13 /Users/fernandogomez/Desktop/SMYahir/Sin título/supermercado2/SM/vendor/laravel/framework/src/Illuminate/Log/LogManager.php(145): Illuminate\\Foundation\\Application->make('Illuminate\\\\Cont...')
#14 /Users/fernandogomez/Desktop/SMYahir/Sin título/supermercado2/SM/vendor/laravel/framework/src/Illuminate/Support/helpers.php(526): Illuminate\\Log\\LogManager->Illuminate\\Log\\{closure}(Object(Monolog\\Logger))
#15 /Users/fernandogomez/Desktop/SMYahir/Sin título/supermercado2/SM/vendor/laravel/framework/src/Illuminate/Log/LogManager.php(138): with(Object(Monolog\\Logger), Object(Closure))
#16 /Users/fernandogomez/Desktop/SMYahir/Sin título/supermercado2/SM/vendor/laravel/framework/src/Illuminate/Log/LogManager.php(125): Illuminate\\Log\\LogManager->get('stack')
#17 /Users/fernandogomez/Desktop/SMYahir/Sin título/supermercado2/SM/vendor/laravel/framework/src/Illuminate/Log/LogManager.php(695): Illuminate\\Log\\LogManager->driver()
#18 /Users/fernandogomez/Desktop/SMYahir/Sin título/supermercado2/SM/vendor/laravel/framework/src/Illuminate/Foundation/Exceptions/Handler.php(379): Illuminate\\Log\\LogManager->error('include(/Users/...', Array)
#19 /Users/fernandogomez/Desktop/SMYahir/Sin título/supermercado2/SM/vendor/laravel/framework/src/Illuminate/Foundation/Exceptions/Handler.php(342): Illuminate\\Foundation\\Exceptions\\Handler->reportThrowable(Object(ErrorException))
#20 /Users/fernandogomez/Desktop/SMYahir/Sin título/supermercado2/SM/vendor/nunomaduro/collision/src/Adapters/Laravel/ExceptionHandler.php(46): Illuminate\\Foundation\\Exceptions\\Handler->report(Object(ErrorException))
#21 /Users/fernandogomez/Desktop/SMYahir/Sin título/supermercado2/SM/vendor/laravel/framework/src/Illuminate/Foundation/Bootstrap/HandleExceptions.php(184): NunoMaduro\\Collision\\Adapters\\Laravel\\ExceptionHandler->report(Object(ErrorException))
#22 /Users/fernandogomez/Desktop/SMYahir/Sin título/supermercado2/SM/vendor/laravel/framework/src/Illuminate/Foundation/Bootstrap/HandleExceptions.php(256): Illuminate\\Foundation\\Bootstrap\\HandleExceptions->handleException(Object(ErrorException))
#23 [internal function]: Illuminate\\Foundation\\Bootstrap\\HandleExceptions->Illuminate\\Foundation\\Bootstrap\\{closure}(Object(ErrorException))
#24 {main}
"} 
[2025-04-07 20:26:07] laravel.ERROR: include(/Users/fernandogomez/Desktop/SMYahir/Sin título/supermercado2/SM/vendor/composer/../filp/whoops/src/Whoops/Handler/Handler.php): Failed to open stream: No such file or directory {"exception":"[object] (ErrorException(code: 0): include(/Users/fernandogomez/Desktop/SMYahir/Sin título/supermercado2/SM/vendor/composer/../filp/whoops/src/Whoops/Handler/Handler.php): Failed to open stream: No such file or directory at /Users/fernandogomez/Desktop/SMYahir/Sin título/supermercado2/SM/vendor/composer/ClassLoader.php:576)
[stacktrace]
#0 /Users/fernandogomez/Desktop/SMYahir/Sin título/supermercado2/SM/vendor/laravel/framework/src/Illuminate/Foundation/Bootstrap/HandleExceptions.php(256): Illuminate\\Foundation\\Bootstrap\\HandleExceptions->handleError(2, 'include(/Users/...', '/Users/fernando...', 576)
#1 /Users/fernandogomez/Desktop/SMYahir/Sin título/supermercado2/SM/vendor/composer/ClassLoader.php(576): Illuminate\\Foundation\\Bootstrap\\HandleExceptions->Illuminate\\Foundation\\Bootstrap\\{closure}(2, 'include(/Users/...', '/Users/fernando...', 576)
#2 /Users/fernandogomez/Desktop/SMYahir/Sin título/supermercado2/SM/vendor/composer/ClassLoader.php(576): include('/Users/fernando...')
#3 /Users/fernandogomez/Desktop/SMYahir/Sin título/supermercado2/SM/vendor/composer/ClassLoader.php(427): Composer\\Autoload\\{closure}('/Users/fernando...')
#4 /Users/fernandogomez/Desktop/SMYahir/Sin título/supermercado2/SM/vendor/nunomaduro/collision/src/Handler.php(15): Composer\\Autoload\\ClassLoader->loadClass('Whoops\\\\Handler\\\\...')
#5 /Users/fernandogomez/Desktop/SMYahir/Sin título/supermercado2/SM/vendor/composer/ClassLoader.php(576): include('/Users/fernando...')
#6 /Users/fernandogomez/Desktop/SMYahir/Sin título/supermercado2/SM/vendor/composer/ClassLoader.php(427): Composer\\Autoload\\{closure}('/Users/fernando...')
#7 /Users/fernandogomez/Desktop/SMYahir/Sin título/supermercado2/SM/vendor/nunomaduro/collision/src/Adapters/Laravel/CollisionServiceProvider.php(55): Composer\\Autoload\\ClassLoader->loadClass('NunoMaduro\\\\Coll...')
#8 /Users/fernandogomez/Desktop/SMYahir/Sin título/supermercado2/SM/vendor/laravel/framework/src/Illuminate/Container/Container.php(1010): NunoMaduro\\Collision\\Adapters\\Laravel\\CollisionServiceProvider->NunoMaduro\\Collision\\Adapters\\Laravel\\{closure}(Object(Illuminate\\Foundation\\Application), Array)
#9 /Users/fernandogomez/Desktop/SMYahir/Sin título/supermercado2/SM/vendor/laravel/framework/src/Illuminate/Container/Container.php(890): Illuminate\\Container\\Container->build(Object(Closure))
#10 /Users/fernandogomez/Desktop/SMYahir/Sin título/supermercado2/SM/vendor/laravel/framework/src/Illuminate/Foundation/Application.php(1077): Illuminate\\Container\\Container->resolve('NunoMaduro\\\\Coll...', Array, true)
#11 /Users/fernandogomez/Desktop/SMYahir/Sin título/supermercado2/SM/vendor/laravel/framework/src/Illuminate/Container/Container.php(821): Illuminate\\Foundation\\Application->resolve('NunoMaduro\\\\Coll...', Array)
#12 /Users/fernandogomez/Desktop/SMYahir/Sin título/supermercado2/SM/vendor/laravel/framework/src/Illuminate/Foundation/Application.php(1057): Illuminate\\Container\\Container->make('NunoMaduro\\\\Coll...', Array)
#13 /Users/fernandogomez/Desktop/SMYahir/Sin título/supermercado2/SM/vendor/nunomaduro/collision/src/Adapters/Laravel/ExceptionHandler.php(66): Illuminate\\Foundation\\Application->make('NunoMaduro\\\\Coll...')
#14 /Users/fernandogomez/Desktop/SMYahir/Sin título/supermercado2/SM/vendor/laravel/framework/src/Illuminate/Foundation/Console/Kernel.php(632): NunoMaduro\\Collision\\Adapters\\Laravel\\ExceptionHandler->renderForConsole(Object(Symfony\\Component\\Console\\Output\\ConsoleOutput), Object(ErrorException))
#15 /Users/fernandogomez/Desktop/SMYahir/Sin título/supermercado2/SM/vendor/laravel/framework/src/Illuminate/Foundation/Console/Kernel.php(201): Illuminate\\Foundation\\Console\\Kernel->renderException(Object(Symfony\\Component\\Console\\Output\\ConsoleOutput), Object(ErrorException))
#16 /Users/fernandogomez/Desktop/SMYahir/Sin título/supermercado2/SM/vendor/laravel/framework/src/Illuminate/Foundation/Application.php(1234): Illuminate\\Foundation\\Console\\Kernel->handle(Object(Symfony\\Component\\Console\\Input\\ArgvInput), Object(Symfony\\Component\\Console\\Output\\ConsoleOutput))
#17 /Users/fernandogomez/Desktop/SMYahir/Sin título/supermercado2/SM/artisan(16): Illuminate\\Foundation\\Application->handleCommand(Object(Symfony\\Component\\Console\\Input\\ArgvInput))
#18 {main}
"} 
[2025-04-07 20:26:07] laravel.EMERGENCY: Unable to create configured logger. Using emergency logger. {"exception":"[object] (ErrorException(code: 0): include(/Users/fernandogomez/Desktop/SMYahir/Sin título/supermercado2/SM/vendor/composer/../laravel/framework/src/Illuminate/Contracts/Log/ContextLogProcessor.php): Failed to open stream: No such file or directory at /Users/fernandogomez/Desktop/SMYahir/Sin título/supermercado2/SM/vendor/composer/ClassLoader.php:576)
[stacktrace]
#0 /Users/fernandogomez/Desktop/SMYahir/Sin título/supermercado2/SM/vendor/laravel/framework/src/Illuminate/Foundation/Bootstrap/HandleExceptions.php(256): Illuminate\\Foundation\\Bootstrap\\HandleExceptions->handleError(2, 'include(/Users/...', '/Users/fernando...', 576)
#1 /Users/fernandogomez/Desktop/SMYahir/Sin título/supermercado2/SM/vendor/composer/ClassLoader.php(576): Illuminate\\Foundation\\Bootstrap\\HandleExceptions->Illuminate\\Foundation\\Bootstrap\\{closure}(2, 'include(/Users/...', '/Users/fernando...', 576)
#2 /Users/fernandogomez/Desktop/SMYahir/Sin título/supermercado2/SM/vendor/composer/ClassLoader.php(576): include('/Users/fernando...')
#3 /Users/fernandogomez/Desktop/SMYahir/Sin título/supermercado2/SM/vendor/composer/ClassLoader.php(427): Composer\\Autoload\\{closure}('/Users/fernando...')
#4 /Users/fernandogomez/Desktop/SMYahir/Sin título/supermercado2/SM/vendor/laravel/framework/src/Illuminate/Log/Context/ContextLogProcessor.php(10): Composer\\Autoload\\ClassLoader->loadClass('Illuminate\\\\Cont...')
#5 /Users/fernandogomez/Desktop/SMYahir/Sin título/supermercado2/SM/vendor/composer/ClassLoader.php(576): include('/Users/fernando...')
#6 /Users/fernandogomez/Desktop/SMYahir/Sin título/supermercado2/SM/vendor/composer/ClassLoader.php(427): Composer\\Autoload\\{closure}('/Users/fernando...')
#7 /Users/fernandogomez/Desktop/SMYahir/Sin título/supermercado2/SM/vendor/laravel/framework/src/Illuminate/Log/Context/ContextServiceProvider.php(22): Composer\\Autoload\\ClassLoader->loadClass('Illuminate\\\\Log\\\\...')
#8 /Users/fernandogomez/Desktop/SMYahir/Sin título/supermercado2/SM/vendor/laravel/framework/src/Illuminate/Container/Container.php(1010): Illuminate\\Log\\Context\\ContextServiceProvider->Illuminate\\Log\\Context\\{closure}(Object(Illuminate\\Foundation\\Application), Array)
#9 /Users/fernandogomez/Desktop/SMYahir/Sin título/supermercado2/SM/vendor/laravel/framework/src/Illuminate/Container/Container.php(890): Illuminate\\Container\\Container->build(Object(Closure))
#10 /Users/fernandogomez/Desktop/SMYahir/Sin título/supermercado2/SM/vendor/laravel/framework/src/Illuminate/Foundation/Application.php(1077): Illuminate\\Container\\Container->resolve('Illuminate\\\\Cont...', Array, true)
#11 /Users/fernandogomez/Desktop/SMYahir/Sin título/supermercado2/SM/vendor/laravel/framework/src/Illuminate/Container/Container.php(821): Illuminate\\Foundation\\Application->resolve('Illuminate\\\\Cont...', Array)
#12 /Users/fernandogomez/Desktop/SMYahir/Sin título/supermercado2/SM/vendor/laravel/framework/src/Illuminate/Foundation/Application.php(1057): Illuminate\\Container\\Container->make('Illuminate\\\\Cont...', Array)
#13 /Users/fernandogomez/Desktop/SMYahir/Sin título/supermercado2/SM/vendor/laravel/framework/src/Illuminate/Log/LogManager.php(145): Illuminate\\Foundation\\Application->make('Illuminate\\\\Cont...')
#14 /Users/fernandogomez/Desktop/SMYahir/Sin título/supermercado2/SM/vendor/laravel/framework/src/Illuminate/Support/helpers.php(526): Illuminate\\Log\\LogManager->Illuminate\\Log\\{closure}(Object(Monolog\\Logger))
#15 /Users/fernandogomez/Desktop/SMYahir/Sin título/supermercado2/SM/vendor/laravel/framework/src/Illuminate/Log/LogManager.php(138): with(Object(Monolog\\Logger), Object(Closure))
#16 /Users/fernandogomez/Desktop/SMYahir/Sin título/supermercado2/SM/vendor/laravel/framework/src/Illuminate/Log/LogManager.php(125): Illuminate\\Log\\LogManager->get('single')
#17 /Users/fernandogomez/Desktop/SMYahir/Sin título/supermercado2/SM/vendor/laravel/framework/src/Illuminate/Log/LogManager.php(114): Illuminate\\Log\\LogManager->driver('single')
#18 /Users/fernandogomez/Desktop/SMYahir/Sin título/supermercado2/SM/vendor/laravel/framework/src/Illuminate/Log/LogManager.php(277): Illuminate\\Log\\LogManager->channel('single')
#19 [internal function]: Illuminate\\Log\\LogManager->Illuminate\\Log\\{closure}('single', 0)
#20 /Users/fernandogomez/Desktop/SMYahir/Sin título/supermercado2/SM/vendor/laravel/framework/src/Illuminate/Collections/Arr.php(609): array_map(Object(Closure), Array, Array)
#21 /Users/fernandogomez/Desktop/SMYahir/Sin título/supermercado2/SM/vendor/laravel/framework/src/Illuminate/Collections/Collection.php(800): Illuminate\\Support\\Arr::map(Array, Object(Closure))
#22 /Users/fernandogomez/Desktop/SMYahir/Sin título/supermercado2/SM/vendor/laravel/framework/src/Illuminate/Collections/Traits/EnumeratesValues.php(431): Illuminate\\Support\\Collection->map(Object(Closure))
#23 /Users/fernandogomez/Desktop/SMYahir/Sin título/supermercado2/SM/vendor/laravel/framework/src/Illuminate/Log/LogManager.php(274): Illuminate\\Support\\Collection->flatMap(Object(Closure))
#24 /Users/fernandogomez/Desktop/SMYahir/Sin título/supermercado2/SM/vendor/laravel/framework/src/Illuminate/Log/LogManager.php(232): Illuminate\\Log\\LogManager->createStackDriver(Array)
#25 /Users/fernandogomez/Desktop/SMYahir/Sin título/supermercado2/SM/vendor/laravel/framework/src/Illuminate/Log/LogManager.php(138): Illuminate\\Log\\LogManager->resolve('stack', Array)
#26 /Users/fernandogomez/Desktop/SMYahir/Sin título/supermercado2/SM/vendor/laravel/framework/src/Illuminate/Log/LogManager.php(125): Illuminate\\Log\\LogManager->get('stack')
#27 /Users/fernandogomez/Desktop/SMYahir/Sin título/supermercado2/SM/vendor/laravel/framework/src/Illuminate/Log/LogManager.php(695): Illuminate\\Log\\LogManager->driver()
#28 /Users/fernandogomez/Desktop/SMYahir/Sin título/supermercado2/SM/vendor/laravel/framework/src/Illuminate/Foundation/Exceptions/Handler.php(379): Illuminate\\Log\\LogManager->error('Uncaught ErrorE...', Array)
#29 /Users/fernandogomez/Desktop/SMYahir/Sin título/supermercado2/SM/vendor/laravel/framework/src/Illuminate/Foundation/Exceptions/Handler.php(342): Illuminate\\Foundation\\Exceptions\\Handler->reportThrowable(Object(Symfony\\Component\\ErrorHandler\\Error\\FatalError))
#30 /Users/fernandogomez/Desktop/SMYahir/Sin título/supermercado2/SM/vendor/nunomaduro/collision/src/Adapters/Laravel/ExceptionHandler.php(46): Illuminate\\Foundation\\Exceptions\\Handler->report(Object(Symfony\\Component\\ErrorHandler\\Error\\FatalError))
#31 /Users/fernandogomez/Desktop/SMYahir/Sin título/supermercado2/SM/vendor/laravel/framework/src/Illuminate/Foundation/Bootstrap/HandleExceptions.php(184): NunoMaduro\\Collision\\Adapters\\Laravel\\ExceptionHandler->report(Object(Symfony\\Component\\ErrorHandler\\Error\\FatalError))
#32 /Users/fernandogomez/Desktop/SMYahir/Sin título/supermercado2/SM/vendor/laravel/framework/src/Illuminate/Foundation/Bootstrap/HandleExceptions.php(232): Illuminate\\Foundation\\Bootstrap\\HandleExceptions->handleException(Object(Symfony\\Component\\ErrorHandler\\Error\\FatalError))
#33 /Users/fernandogomez/Desktop/SMYahir/Sin título/supermercado2/SM/vendor/laravel/framework/src/Illuminate/Foundation/Bootstrap/HandleExceptions.php(256): Illuminate\\Foundation\\Bootstrap\\HandleExceptions->handleShutdown()
#34 [internal function]: Illuminate\\Foundation\\Bootstrap\\HandleExceptions->Illuminate\\Foundation\\Bootstrap\\{closure}()
#35 {main}
"} 
[2025-04-07 20:26:07] laravel.EMERGENCY: Unable to create configured logger. Using emergency logger. {"exception":"[object] (ErrorException(code: 0): include(/Users/fernandogomez/Desktop/SMYahir/Sin título/supermercado2/SM/vendor/composer/../laravel/framework/src/Illuminate/Contracts/Log/ContextLogProcessor.php): Failed to open stream: No such file or directory at /Users/fernandogomez/Desktop/SMYahir/Sin título/supermercado2/SM/vendor/composer/ClassLoader.php:576)
[stacktrace]
#0 /Users/fernandogomez/Desktop/SMYahir/Sin título/supermercado2/SM/vendor/laravel/framework/src/Illuminate/Foundation/Bootstrap/HandleExceptions.php(256): Illuminate\\Foundation\\Bootstrap\\HandleExceptions->handleError(2, 'include(/Users/...', '/Users/fernando...', 576)
#1 /Users/fernandogomez/Desktop/SMYahir/Sin título/supermercado2/SM/vendor/composer/ClassLoader.php(576): Illuminate\\Foundation\\Bootstrap\\HandleExceptions->Illuminate\\Foundation\\Bootstrap\\{closure}(2, 'include(/Users/...', '/Users/fernando...', 576)
#2 /Users/fernandogomez/Desktop/SMYahir/Sin título/supermercado2/SM/vendor/composer/ClassLoader.php(576): include('/Users/fernando...')
#3 /Users/fernandogomez/Desktop/SMYahir/Sin título/supermercado2/SM/vendor/composer/ClassLoader.php(427): Composer\\Autoload\\{closure}('/Users/fernando...')
#4 /Users/fernandogomez/Desktop/SMYahir/Sin título/supermercado2/SM/vendor/laravel/framework/src/Illuminate/Log/Context/ContextLogProcessor.php(10): Composer\\Autoload\\ClassLoader->loadClass('Illuminate\\\\Cont...')
#5 /Users/fernandogomez/Desktop/SMYahir/Sin título/supermercado2/SM/vendor/composer/ClassLoader.php(576): include('/Users/fernando...')
#6 /Users/fernandogomez/Desktop/SMYahir/Sin título/supermercado2/SM/vendor/composer/ClassLoader.php(427): Composer\\Autoload\\{closure}('/Users/fernando...')
#7 /Users/fernandogomez/Desktop/SMYahir/Sin título/supermercado2/SM/vendor/laravel/framework/src/Illuminate/Log/Context/ContextServiceProvider.php(22): Composer\\Autoload\\ClassLoader->loadClass('Illuminate\\\\Log\\\\...')
#8 /Users/fernandogomez/Desktop/SMYahir/Sin título/supermercado2/SM/vendor/laravel/framework/src/Illuminate/Container/Container.php(1010): Illuminate\\Log\\Context\\ContextServiceProvider->Illuminate\\Log\\Context\\{closure}(Object(Illuminate\\Foundation\\Application), Array)
#9 /Users/fernandogomez/Desktop/SMYahir/Sin título/supermercado2/SM/vendor/laravel/framework/src/Illuminate/Container/Container.php(890): Illuminate\\Container\\Container->build(Object(Closure))
#10 /Users/fernandogomez/Desktop/SMYahir/Sin título/supermercado2/SM/vendor/laravel/framework/src/Illuminate/Foundation/Application.php(1077): Illuminate\\Container\\Container->resolve('Illuminate\\\\Cont...', Array, true)
#11 /Users/fernandogomez/Desktop/SMYahir/Sin título/supermercado2/SM/vendor/laravel/framework/src/Illuminate/Container/Container.php(821): Illuminate\\Foundation\\Application->resolve('Illuminate\\\\Cont...', Array)
#12 /Users/fernandogomez/Desktop/SMYahir/Sin título/supermercado2/SM/vendor/laravel/framework/src/Illuminate/Foundation/Application.php(1057): Illuminate\\Container\\Container->make('Illuminate\\\\Cont...', Array)
#13 /Users/fernandogomez/Desktop/SMYahir/Sin título/supermercado2/SM/vendor/laravel/framework/src/Illuminate/Log/LogManager.php(145): Illuminate\\Foundation\\Application->make('Illuminate\\\\Cont...')
#14 /Users/fernandogomez/Desktop/SMYahir/Sin título/supermercado2/SM/vendor/laravel/framework/src/Illuminate/Support/helpers.php(526): Illuminate\\Log\\LogManager->Illuminate\\Log\\{closure}(Object(Monolog\\Logger))
#15 /Users/fernandogomez/Desktop/SMYahir/Sin título/supermercado2/SM/vendor/laravel/framework/src/Illuminate/Log/LogManager.php(138): with(Object(Monolog\\Logger), Object(Closure))
#16 /Users/fernandogomez/Desktop/SMYahir/Sin título/supermercado2/SM/vendor/laravel/framework/src/Illuminate/Log/LogManager.php(125): Illuminate\\Log\\LogManager->get('single')
#17 /Users/fernandogomez/Desktop/SMYahir/Sin título/supermercado2/SM/vendor/laravel/framework/src/Illuminate/Log/LogManager.php(114): Illuminate\\Log\\LogManager->driver('single')
#18 /Users/fernandogomez/Desktop/SMYahir/Sin título/supermercado2/SM/vendor/laravel/framework/src/Illuminate/Log/LogManager.php(283): Illuminate\\Log\\LogManager->channel('single')
#19 [internal function]: Illuminate\\Log\\LogManager->Illuminate\\Log\\{closure}('single', 0)
#20 /Users/fernandogomez/Desktop/SMYahir/Sin título/supermercado2/SM/vendor/laravel/framework/src/Illuminate/Collections/Arr.php(609): array_map(Object(Closure), Array, Array)
#21 /Users/fernandogomez/Desktop/SMYahir/Sin título/supermercado2/SM/vendor/laravel/framework/src/Illuminate/Collections/Collection.php(800): Illuminate\\Support\\Arr::map(Array, Object(Closure))
#22 /Users/fernandogomez/Desktop/SMYahir/Sin título/supermercado2/SM/vendor/laravel/framework/src/Illuminate/Collections/Traits/EnumeratesValues.php(431): Illuminate\\Support\\Collection->map(Object(Closure))
#23 /Users/fernandogomez/Desktop/SMYahir/Sin título/supermercado2/SM/vendor/laravel/framework/src/Illuminate/Log/LogManager.php(280): Illuminate\\Support\\Collection->flatMap(Object(Closure))
#24 /Users/fernandogomez/Desktop/SMYahir/Sin título/supermercado2/SM/vendor/laravel/framework/src/Illuminate/Log/LogManager.php(232): Illuminate\\Log\\LogManager->createStackDriver(Array)
#25 /Users/fernandogomez/Desktop/SMYahir/Sin título/supermercado2/SM/vendor/laravel/framework/src/Illuminate/Log/LogManager.php(138): Illuminate\\Log\\LogManager->resolve('stack', Array)
#26 /Users/fernandogomez/Desktop/SMYahir/Sin título/supermercado2/SM/vendor/laravel/framework/src/Illuminate/Log/LogManager.php(125): Illuminate\\Log\\LogManager->get('stack')
#27 /Users/fernandogomez/Desktop/SMYahir/Sin título/supermercado2/SM/vendor/laravel/framework/src/Illuminate/Log/LogManager.php(695): Illuminate\\Log\\LogManager->driver()
#28 /Users/fernandogomez/Desktop/SMYahir/Sin título/supermercado2/SM/vendor/laravel/framework/src/Illuminate/Foundation/Exceptions/Handler.php(379): Illuminate\\Log\\LogManager->error('Uncaught ErrorE...', Array)
#29 /Users/fernandogomez/Desktop/SMYahir/Sin título/supermercado2/SM/vendor/laravel/framework/src/Illuminate/Foundation/Exceptions/Handler.php(342): Illuminate\\Foundation\\Exceptions\\Handler->reportThrowable(Object(Symfony\\Component\\ErrorHandler\\Error\\FatalError))
#30 /Users/fernandogomez/Desktop/SMYahir/Sin título/supermercado2/SM/vendor/nunomaduro/collision/src/Adapters/Laravel/ExceptionHandler.php(46): Illuminate\\Foundation\\Exceptions\\Handler->report(Object(Symfony\\Component\\ErrorHandler\\Error\\FatalError))
#31 /Users/fernandogomez/Desktop/SMYahir/Sin título/supermercado2/SM/vendor/laravel/framework/src/Illuminate/Foundation/Bootstrap/HandleExceptions.php(184): NunoMaduro\\Collision\\Adapters\\Laravel\\ExceptionHandler->report(Object(Symfony\\Component\\ErrorHandler\\Error\\FatalError))
#32 /Users/fernandogomez/Desktop/SMYahir/Sin título/supermercado2/SM/vendor/laravel/framework/src/Illuminate/Foundation/Bootstrap/HandleExceptions.php(232): Illuminate\\Foundation\\Bootstrap\\HandleExceptions->handleException(Object(Symfony\\Component\\ErrorHandler\\Error\\FatalError))
#33 /Users/fernandogomez/Desktop/SMYahir/Sin título/supermercado2/SM/vendor/laravel/framework/src/Illuminate/Foundation/Bootstrap/HandleExceptions.php(256): Illuminate\\Foundation\\Bootstrap\\HandleExceptions->handleShutdown()
#34 [internal function]: Illuminate\\Foundation\\Bootstrap\\HandleExceptions->Illuminate\\Foundation\\Bootstrap\\{closure}()
#35 {main}
"} 
[2025-04-07 20:26:07] laravel.EMERGENCY: Unable to create configured logger. Using emergency logger. {"exception":"[object] (ErrorException(code: 0): include(/Users/fernandogomez/Desktop/SMYahir/Sin título/supermercado2/SM/vendor/composer/../laravel/framework/src/Illuminate/Contracts/Log/ContextLogProcessor.php): Failed to open stream: No such file or directory at /Users/fernandogomez/Desktop/SMYahir/Sin título/supermercado2/SM/vendor/composer/ClassLoader.php:576)
[stacktrace]
#0 /Users/fernandogomez/Desktop/SMYahir/Sin título/supermercado2/SM/vendor/laravel/framework/src/Illuminate/Foundation/Bootstrap/HandleExceptions.php(256): Illuminate\\Foundation\\Bootstrap\\HandleExceptions->handleError(2, 'include(/Users/...', '/Users/fernando...', 576)
#1 /Users/fernandogomez/Desktop/SMYahir/Sin título/supermercado2/SM/vendor/composer/ClassLoader.php(576): Illuminate\\Foundation\\Bootstrap\\HandleExceptions->Illuminate\\Foundation\\Bootstrap\\{closure}(2, 'include(/Users/...', '/Users/fernando...', 576)
#2 /Users/fernandogomez/Desktop/SMYahir/Sin título/supermercado2/SM/vendor/composer/ClassLoader.php(576): include('/Users/fernando...')
#3 /Users/fernandogomez/Desktop/SMYahir/Sin título/supermercado2/SM/vendor/composer/ClassLoader.php(427): Composer\\Autoload\\{closure}('/Users/fernando...')
#4 /Users/fernandogomez/Desktop/SMYahir/Sin título/supermercado2/SM/vendor/laravel/framework/src/Illuminate/Log/Context/ContextLogProcessor.php(10): Composer\\Autoload\\ClassLoader->loadClass('Illuminate\\\\Cont...')
#5 /Users/fernandogomez/Desktop/SMYahir/Sin título/supermercado2/SM/vendor/composer/ClassLoader.php(576): include('/Users/fernando...')
#6 /Users/fernandogomez/Desktop/SMYahir/Sin título/supermercado2/SM/vendor/composer/ClassLoader.php(427): Composer\\Autoload\\{closure}('/Users/fernando...')
#7 /Users/fernandogomez/Desktop/SMYahir/Sin título/supermercado2/SM/vendor/laravel/framework/src/Illuminate/Log/Context/ContextServiceProvider.php(22): Composer\\Autoload\\ClassLoader->loadClass('Illuminate\\\\Log\\\\...')
#8 /Users/fernandogomez/Desktop/SMYahir/Sin título/supermercado2/SM/vendor/laravel/framework/src/Illuminate/Container/Container.php(1010): Illuminate\\Log\\Context\\ContextServiceProvider->Illuminate\\Log\\Context\\{closure}(Object(Illuminate\\Foundation\\Application), Array)
#9 /Users/fernandogomez/Desktop/SMYahir/Sin título/supermercado2/SM/vendor/laravel/framework/src/Illuminate/Container/Container.php(890): Illuminate\\Container\\Container->build(Object(Closure))
#10 /Users/fernandogomez/Desktop/SMYahir/Sin título/supermercado2/SM/vendor/laravel/framework/src/Illuminate/Foundation/Application.php(1077): Illuminate\\Container\\Container->resolve('Illuminate\\\\Cont...', Array, true)
#11 /Users/fernandogomez/Desktop/SMYahir/Sin título/supermercado2/SM/vendor/laravel/framework/src/Illuminate/Container/Container.php(821): Illuminate\\Foundation\\Application->resolve('Illuminate\\\\Cont...', Array)
#12 /Users/fernandogomez/Desktop/SMYahir/Sin título/supermercado2/SM/vendor/laravel/framework/src/Illuminate/Foundation/Application.php(1057): Illuminate\\Container\\Container->make('Illuminate\\\\Cont...', Array)
#13 /Users/fernandogomez/Desktop/SMYahir/Sin título/supermercado2/SM/vendor/laravel/framework/src/Illuminate/Log/LogManager.php(145): Illuminate\\Foundation\\Application->make('Illuminate\\\\Cont...')
#14 /Users/fernandogomez/Desktop/SMYahir/Sin título/supermercado2/SM/vendor/laravel/framework/src/Illuminate/Support/helpers.php(526): Illuminate\\Log\\LogManager->Illuminate\\Log\\{closure}(Object(Monolog\\Logger))
#15 /Users/fernandogomez/Desktop/SMYahir/Sin título/supermercado2/SM/vendor/laravel/framework/src/Illuminate/Log/LogManager.php(138): with(Object(Monolog\\Logger), Object(Closure))
#16 /Users/fernandogomez/Desktop/SMYahir/Sin título/supermercado2/SM/vendor/laravel/framework/src/Illuminate/Log/LogManager.php(125): Illuminate\\Log\\LogManager->get('stack')
#17 /Users/fernandogomez/Desktop/SMYahir/Sin título/supermercado2/SM/vendor/laravel/framework/src/Illuminate/Log/LogManager.php(695): Illuminate\\Log\\LogManager->driver()
#18 /Users/fernandogomez/Desktop/SMYahir/Sin título/supermercado2/SM/vendor/laravel/framework/src/Illuminate/Foundation/Exceptions/Handler.php(379): Illuminate\\Log\\LogManager->error('Uncaught ErrorE...', Array)
#19 /Users/fernandogomez/Desktop/SMYahir/Sin título/supermercado2/SM/vendor/laravel/framework/src/Illuminate/Foundation/Exceptions/Handler.php(342): Illuminate\\Foundation\\Exceptions\\Handler->reportThrowable(Object(Symfony\\Component\\ErrorHandler\\Error\\FatalError))
#20 /Users/fernandogomez/Desktop/SMYahir/Sin título/supermercado2/SM/vendor/nunomaduro/collision/src/Adapters/Laravel/ExceptionHandler.php(46): Illuminate\\Foundation\\Exceptions\\Handler->report(Object(Symfony\\Component\\ErrorHandler\\Error\\FatalError))
#21 /Users/fernandogomez/Desktop/SMYahir/Sin título/supermercado2/SM/vendor/laravel/framework/src/Illuminate/Foundation/Bootstrap/HandleExceptions.php(184): NunoMaduro\\Collision\\Adapters\\Laravel\\ExceptionHandler->report(Object(Symfony\\Component\\ErrorHandler\\Error\\FatalError))
#22 /Users/fernandogomez/Desktop/SMYahir/Sin título/supermercado2/SM/vendor/laravel/framework/src/Illuminate/Foundation/Bootstrap/HandleExceptions.php(232): Illuminate\\Foundation\\Bootstrap\\HandleExceptions->handleException(Object(Symfony\\Component\\ErrorHandler\\Error\\FatalError))
#23 /Users/fernandogomez/Desktop/SMYahir/Sin título/supermercado2/SM/vendor/laravel/framework/src/Illuminate/Foundation/Bootstrap/HandleExceptions.php(256): Illuminate\\Foundation\\Bootstrap\\HandleExceptions->handleShutdown()
#24 [internal function]: Illuminate\\Foundation\\Bootstrap\\HandleExceptions->Illuminate\\Foundation\\Bootstrap\\{closure}()
#25 {main}
"} 
[2025-04-07 20:26:07] laravel.ERROR: Uncaught ErrorException: include(/Users/fernandogomez/Desktop/SMYahir/Sin título/supermercado2/SM/vendor/composer/../filp/whoops/src/Whoops/Handler/Handler.php): Failed to open stream: No such file or directory in /Users/fernandogomez/Desktop/SMYahir/Sin título/supermercado2/SM/vendor/composer/ClassLoader.php:576
Stack trace:
#0 /Users/fernandogomez/Desktop/SMYahir/Sin título/supermercado2/SM/vendor/laravel/framework/src/Illuminate/Foundation/Bootstrap/HandleExceptions.php(256): Illuminate\Foundation\Bootstrap\HandleExceptions->handleError(2, 'include(/Users/...', '/Users/fernando...', 576)
#1 /Users/fernandogomez/Desktop/SMYahir/Sin título/supermercado2/SM/vendor/composer/ClassLoader.php(576): Illuminate\Foundation\Bootstrap\HandleExceptions->Illuminate\Foundation\Bootstrap\{closure}(2, 'include(/Users/...', '/Users/fernando...', 576)
#2 /Users/fernandogomez/Desktop/SMYahir/Sin título/supermercado2/SM/vendor/composer/ClassLoader.php(576): include('/Users/fernando...')
#3 /Users/fernandogomez/Desktop/SMYahir/Sin título/supermercado2/SM/vendor/composer/ClassLoader.php(427): Composer\Autoload\{closure}('/Users/fernando...')
#4 /Users/fernandogomez/Desktop/SMYahir/Sin título/supermercado2/SM/vendor/nunomaduro/collision/src/Handler.php(15): Composer\Autoload\ClassLoader->loadClass('Whoops\\Handler\\...')
#5 /Users/fernandogomez/Desktop/SMYahir/Sin título/supermercado2/SM/vendor/composer/ClassLoader.php(576): include('/Users/fernando...')
#6 /Users/fernandogomez/Desktop/SMYahir/Sin título/supermercado2/SM/vendor/composer/ClassLoader.php(427): Composer\Autoload\{closure}('/Users/fernando...')
#7 /Users/fernandogomez/Desktop/SMYahir/Sin título/supermercado2/SM/vendor/nunomaduro/collision/src/Adapters/Laravel/CollisionServiceProvider.php(55): Composer\Autoload\ClassLoader->loadClass('NunoMaduro\\Coll...')
#8 /Users/fernandogomez/Desktop/SMYahir/Sin título/supermercado2/SM/vendor/laravel/framework/src/Illuminate/Container/Container.php(1010): NunoMaduro\Collision\Adapters\Laravel\CollisionServiceProvider->NunoMaduro\Collision\Adapters\Laravel\{closure}(Object(Illuminate\Foundation\Application), Array)
#9 /Users/fernandogomez/Desktop/SMYahir/Sin título/supermercado2/SM/vendor/laravel/framework/src/Illuminate/Container/Container.php(890): Illuminate\Container\Container->build(Object(Closure))
#10 /Users/fernandogomez/Desktop/SMYahir/Sin título/supermercado2/SM/vendor/laravel/framework/src/Illuminate/Foundation/Application.php(1077): Illuminate\Container\Container->resolve('NunoMaduro\\Coll...', Array, true)
#11 /Users/fernandogomez/Desktop/SMYahir/Sin título/supermercado2/SM/vendor/laravel/framework/src/Illuminate/Container/Container.php(821): Illuminate\Foundation\Application->resolve('NunoMaduro\\Coll...', Array)
#12 /Users/fernandogomez/Desktop/SMYahir/Sin título/supermercado2/SM/vendor/laravel/framework/src/Illuminate/Foundation/Application.php(1057): Illuminate\Container\Container->make('NunoMaduro\\Coll...', Array)
#13 /Users/fernandogomez/Desktop/SMYahir/Sin título/supermercado2/SM/vendor/nunomaduro/collision/src/Adapters/Laravel/ExceptionHandler.php(66): Illuminate\Foundation\Application->make('NunoMaduro\\Coll...')
#14 /Users/fernandogomez/Desktop/SMYahir/Sin título/supermercado2/SM/vendor/laravel/framework/src/Illuminate/Foundation/Bootstrap/HandleExceptions.php(208): NunoMaduro\Collision\Adapters\Laravel\ExceptionHandler->renderForConsole(Object(Symfony\Component\Console\Output\ConsoleOutput), Object(ErrorException))
#15 /Users/fernandogomez/Desktop/SMYahir/Sin título/supermercado2/SM/vendor/laravel/framework/src/Illuminate/Foundation/Bootstrap/HandleExceptions.php(190): Illuminate\Foundation\Bootstrap\HandleExceptions->renderForConsole(Object(ErrorException))
#16 /Users/fernandogomez/Desktop/SMYahir/Sin título/supermercado2/SM/vendor/laravel/framework/src/Illuminate/Foundation/Bootstrap/HandleExceptions.php(256): Illuminate\Foundation\Bootstrap\HandleExceptions->handleException(Object(ErrorException))
#17 [internal function]: Illuminate\Foundation\Bootstrap\HandleExceptions->Illuminate\Foundation\Bootstrap\{closure}(Object(ErrorException))
#18 {main}
  thrown {"exception":"[object] (Symfony\\Component\\ErrorHandler\\Error\\FatalError(code: 0): Uncaught ErrorException: include(/Users/fernandogomez/Desktop/SMYahir/Sin título/supermercado2/SM/vendor/composer/../filp/whoops/src/Whoops/Handler/Handler.php): Failed to open stream: No such file or directory in /Users/fernandogomez/Desktop/SMYahir/Sin título/supermercado2/SM/vendor/composer/ClassLoader.php:576
Stack trace:
#0 /Users/fernandogomez/Desktop/SMYahir/Sin título/supermercado2/SM/vendor/laravel/framework/src/Illuminate/Foundation/Bootstrap/HandleExceptions.php(256): Illuminate\\Foundation\\Bootstrap\\HandleExceptions->handleError(2, 'include(/Users/...', '/Users/fernando...', 576)
#1 /Users/fernandogomez/Desktop/SMYahir/Sin título/supermercado2/SM/vendor/composer/ClassLoader.php(576): Illuminate\\Foundation\\Bootstrap\\HandleExceptions->Illuminate\\Foundation\\Bootstrap\\{closure}(2, 'include(/Users/...', '/Users/fernando...', 576)
#2 /Users/fernandogomez/Desktop/SMYahir/Sin título/supermercado2/SM/vendor/composer/ClassLoader.php(576): include('/Users/fernando...')
#3 /Users/fernandogomez/Desktop/SMYahir/Sin título/supermercado2/SM/vendor/composer/ClassLoader.php(427): Composer\\Autoload\\{closure}('/Users/fernando...')
#4 /Users/fernandogomez/Desktop/SMYahir/Sin título/supermercado2/SM/vendor/nunomaduro/collision/src/Handler.php(15): Composer\\Autoload\\ClassLoader->loadClass('Whoops\\\\Handler\\\\...')
#5 /Users/fernandogomez/Desktop/SMYahir/Sin título/supermercado2/SM/vendor/composer/ClassLoader.php(576): include('/Users/fernando...')
#6 /Users/fernandogomez/Desktop/SMYahir/Sin título/supermercado2/SM/vendor/composer/ClassLoader.php(427): Composer\\Autoload\\{closure}('/Users/fernando...')
#7 /Users/fernandogomez/Desktop/SMYahir/Sin título/supermercado2/SM/vendor/nunomaduro/collision/src/Adapters/Laravel/CollisionServiceProvider.php(55): Composer\\Autoload\\ClassLoader->loadClass('NunoMaduro\\\\Coll...')
#8 /Users/fernandogomez/Desktop/SMYahir/Sin título/supermercado2/SM/vendor/laravel/framework/src/Illuminate/Container/Container.php(1010): NunoMaduro\\Collision\\Adapters\\Laravel\\CollisionServiceProvider->NunoMaduro\\Collision\\Adapters\\Laravel\\{closure}(Object(Illuminate\\Foundation\\Application), Array)
#9 /Users/fernandogomez/Desktop/SMYahir/Sin título/supermercado2/SM/vendor/laravel/framework/src/Illuminate/Container/Container.php(890): Illuminate\\Container\\Container->build(Object(Closure))
#10 /Users/fernandogomez/Desktop/SMYahir/Sin título/supermercado2/SM/vendor/laravel/framework/src/Illuminate/Foundation/Application.php(1077): Illuminate\\Container\\Container->resolve('NunoMaduro\\\\Coll...', Array, true)
#11 /Users/fernandogomez/Desktop/SMYahir/Sin título/supermercado2/SM/vendor/laravel/framework/src/Illuminate/Container/Container.php(821): Illuminate\\Foundation\\Application->resolve('NunoMaduro\\\\Coll...', Array)
#12 /Users/fernandogomez/Desktop/SMYahir/Sin título/supermercado2/SM/vendor/laravel/framework/src/Illuminate/Foundation/Application.php(1057): Illuminate\\Container\\Container->make('NunoMaduro\\\\Coll...', Array)
#13 /Users/fernandogomez/Desktop/SMYahir/Sin título/supermercado2/SM/vendor/nunomaduro/collision/src/Adapters/Laravel/ExceptionHandler.php(66): Illuminate\\Foundation\\Application->make('NunoMaduro\\\\Coll...')
#14 /Users/fernandogomez/Desktop/SMYahir/Sin título/supermercado2/SM/vendor/laravel/framework/src/Illuminate/Foundation/Bootstrap/HandleExceptions.php(208): NunoMaduro\\Collision\\Adapters\\Laravel\\ExceptionHandler->renderForConsole(Object(Symfony\\Component\\Console\\Output\\ConsoleOutput), Object(ErrorException))
#15 /Users/fernandogomez/Desktop/SMYahir/Sin título/supermercado2/SM/vendor/laravel/framework/src/Illuminate/Foundation/Bootstrap/HandleExceptions.php(190): Illuminate\\Foundation\\Bootstrap\\HandleExceptions->renderForConsole(Object(ErrorException))
#16 /Users/fernandogomez/Desktop/SMYahir/Sin título/supermercado2/SM/vendor/laravel/framework/src/Illuminate/Foundation/Bootstrap/HandleExceptions.php(256): Illuminate\\Foundation\\Bootstrap\\HandleExceptions->handleException(Object(ErrorException))
#17 [internal function]: Illuminate\\Foundation\\Bootstrap\\HandleExceptions->Illuminate\\Foundation\\Bootstrap\\{closure}(Object(ErrorException))
#18 {main}
  thrown at /Users/fernandogomez/Desktop/SMYahir/Sin título/supermercado2/SM/vendor/composer/ClassLoader.php:576)
[stacktrace]
#0 {main}
"} 
